<?xml version="1.0" encoding="UTF-8"?>
<testsuite xmlns:xsi="http://www.w3.org/2001/XMLSchema-instance" xsi:noNamespaceSchemaLocation="https://maven.apache.org/surefire/maven-surefire-plugin/xsd/surefire-test-report-3.0.xsd" version="3.0" name="com.cityguide.entity.EntityTest" time="0.074" tests="8" errors="0" skipped="0" failures="0">
  <properties>
[...]
</properties>
  <testcase name="review_setters" classname="com.cityguide.entity.EntityTest" time="0.057"/>
  <testcase name="attraction_allArgsConstructor" classname="com.cityguide.entity.EntityTest" time="0.002"/>
  <testcase name="category_values" classname="com.cityguide.entity.EntityTest" time="0.007"/>
  <testcase name="category_valueOf" classname="com.cityguide.entity.EntityTest" time="0.001"/>
  <testcase name="attraction_builder" classname="com.cityguide.entity.EntityTest" time="0.003"/>
  <testcase name="review_allArgsConstructor" classname="com.cityguide.entity.EntityTest" time="0.0"/>
  <testcase name="review_builder" classname="com.cityguide.entity.EntityTest" time="0.001"/>
  <testcase name="attraction_setters" classname="com.cityguide.entity.EntityTest" time="0.001"/>
</testsuite>